{"target": -15.561716240870602, "params": {"Iwheel": 1.2, "f1": 5.5, "f2": 24.68, "h": 1.0, "k1": 3.0}, "datetime": {"datetime": "2023-09-21 15:32:38", "elapsed": 0.0, "delta": 0.0}}
{"target": -13.762267415634076, "params": {"Iwheel": 1.423331203605067, "f1": 5.4366993241590205, "f2": 25.81950160962301, "h": 0.9408699654767847, "k1": 3.085851384134837}, "datetime": {"datetime": "2023-09-21 15:32:38", "elapsed": 0.001976, "delta": 0.001976}}
{"target": -15.024432708767597, "params": {"Iwheel": 1.2678748721365378, "f1": 5.596473766067608, "f2": 25.05816879488814, "h": 0.9913516245354863, "k1": 2.8477850228457218}, "datetime": {"datetime": "2023-09-21 15:32:38", "elapsed": 0.003822, "delta": 0.001846}}
{"target": -13.61910457449489, "params": {"Iwheel": 1.5, "f1": 5.7, "f2": 26.8537026483089, "h": 0.9267839528002417, "k1": 2.512779438321808}, "datetime": {"datetime": "2023-09-21 15:32:38", "elapsed": 0.202186, "delta": 0.198364}}
{"target": -19.675052310835362, "params": {"Iwheel": 1.0, "f1": 5.1, "f2": 28.0, "h": 1.2, "k1": 3.5}, "datetime": {"datetime": "2023-09-21 15:32:39", "elapsed": 0.281488, "delta": 0.079302}}
{"target": -12.306243916720366, "params": {"Iwheel": 1.5, "f1": 5.1, "f2": 24.0, "h": 0.8, "k1": 2.5}, "datetime": {"datetime": "2023-09-21 15:32:39", "elapsed": 0.371431, "delta": 0.089943}}
{"target": -18.80478977544094, "params": {"Iwheel": 1.0, "f1": 5.1, "f2": 26.23156073305764, "h": 1.2, "k1": 2.5}, "datetime": {"datetime": "2023-09-21 15:32:39", "elapsed": 0.515717, "delta": 0.144286}}
{"target": -14.425715425900028, "params": {"Iwheel": 1.3521365416822029, "f1": 5.43669694199978, "f2": 25.855538030256458, "h": 0.8763396623726113, "k1": 3.0748907366986193}, "datetime": {"datetime": "2023-09-21 15:32:39", "elapsed": 0.579922, "delta": 0.064205}}
{"target": -13.551260434526021, "params": {"Iwheel": 1.5, "f1": 5.7, "f2": 26.668080976889662, "h": 1.2, "k1": 3.5}, "datetime": {"datetime": "2023-09-21 15:32:39", "elapsed": 0.758108, "delta": 0.178186}}
{"target": -14.020001306456056, "params": {"Iwheel": 1.5, "f1": 5.7, "f2": 27.956060190265344, "h": 0.8, "k1": 2.5}, "datetime": {"datetime": "2023-09-21 15:32:39", "elapsed": 0.94764, "delta": 0.189532}}
{"target": -12.306243931102578, "params": {"Iwheel": 1.5, "f1": 5.1, "f2": 24.0, "h": 1.2, "k1": 3.5}, "datetime": {"datetime": "2023-09-21 15:32:39", "elapsed": 1.131244, "delta": 0.183604}}
{"target": -18.061133685706956, "params": {"Iwheel": 1.0, "f1": 5.7, "f2": 24.0, "h": 1.2, "k1": 3.5}, "datetime": {"datetime": "2023-09-21 15:32:40", "elapsed": 1.29952, "delta": 0.168276}}
{"target": -17.680732605506122, "params": {"Iwheel": 1.0, "f1": 5.1, "f2": 24.0, "h": 1.2, "k1": 2.5}, "datetime": {"datetime": "2023-09-21 15:32:40", "elapsed": 1.458253, "delta": 0.158733}}
{"target": -17.5224307239195, "params": {"Iwheel": 1.0451893951478863, "f1": 5.47113468438845, "f2": 24.587419113824243, "h": 1.1357138429450526, "k1": 3.1363134440476585}, "datetime": {"datetime": "2023-09-21 15:32:40", "elapsed": 1.511661, "delta": 0.053408}}
{"target": -12.306243931117402, "params": {"Iwheel": 1.5, "f1": 5.1, "f2": 24.0, "h": 0.8, "k1": 3.0925184636978704}, "datetime": {"datetime": "2023-09-21 15:32:40", "elapsed": 1.722221, "delta": 0.21056}}
{"target": -16.387646309098717, "params": {"Iwheel": 1.1841999159838867, "f1": 5.171538988110747, "f2": 26.52836651616688, "h": 0.9338455012324434, "k1": 2.8855303937367807}, "datetime": {"datetime": "2023-09-21 15:32:40", "elapsed": 1.784229, "delta": 0.062008}}
{"target": -12.752068616496082, "params": {"Iwheel": 1.5, "f1": 5.1, "f2": 25.19944023869922, "h": 1.2, "k1": 3.5}, "datetime": {"datetime": "2023-09-21 15:32:40", "elapsed": 1.986205, "delta": 0.201976}}
{"target": -13.851494822084895, "params": {"Iwheel": 1.5, "f1": 5.7, "f2": 27.49156108200899, "h": 0.8, "k1": 3.5}, "datetime": {"datetime": "2023-09-21 15:32:40", "elapsed": 2.13798, "delta": 0.151775}}
{"target": -18.65915967265748, "params": {"Iwheel": 1.0477890117089765, "f1": 5.110710984818978, "f2": 27.477870085470702, "h": 1.0413794646045158, "k1": 2.5331427736064605}, "datetime": {"datetime": "2023-09-21 15:32:41", "elapsed": 2.256382, "delta": 0.118402}}
{"target": -12.999793284603435, "params": {"Iwheel": 1.5, "f1": 5.7, "f2": 25.169126477798088, "h": 0.8, "k1": 3.5}, "datetime": {"datetime": "2023-09-21 15:32:41", "elapsed": 2.394478, "delta": 0.138096}}
{"target": -12.697718089028898, "params": {"Iwheel": 1.5, "f1": 5.1, "f2": 25.052616054751716, "h": 0.8, "k1": 2.5}, "datetime": {"datetime": "2023-09-21 15:32:41", "elapsed": 2.530481, "delta": 0.136003}}
{"target": -12.565184953454015, "params": {"Iwheel": 1.5, "f1": 5.7, "f2": 24.0, "h": 0.8, "k1": 2.5}, "datetime": {"datetime": "2023-09-21 15:32:41", "elapsed": 2.689365, "delta": 0.158884}}
{"target": -19.008594059760625, "params": {"Iwheel": 1.0, "f1": 5.7, "f2": 25.877105236364187, "h": 1.2, "k1": 3.5}, "datetime": {"datetime": "2023-09-21 15:32:41", "elapsed": 2.846484, "delta": 0.157119}}
{"target": -13.18102556530905, "params": {"Iwheel": 1.5, "f1": 5.1, "f2": 26.364159578500757, "h": 0.8, "k1": 3.5}, "datetime": {"datetime": "2023-09-21 15:32:41", "elapsed": 3.024733, "delta": 0.178249}}
{"target": -12.535869371893543, "params": {"Iwheel": 1.5, "f1": 5.1, "f2": 24.616383280558505, "h": 0.8, "k1": 3.5}, "datetime": {"datetime": "2023-09-21 15:32:41", "elapsed": 3.172995, "delta": 0.148262}}
{"target": -20.05545262926733, "params": {"Iwheel": 1.0, "f1": 5.7, "f2": 28.0, "h": 1.2, "k1": 2.5}, "datetime": {"datetime": "2023-09-21 15:32:42", "elapsed": 3.311839, "delta": 0.138844}}
{"target": -13.476181888690839, "params": {"Iwheel": 1.5, "f1": 5.1, "f2": 27.171750422171964, "h": 1.2, "k1": 3.5}, "datetime": {"datetime": "2023-09-21 15:32:42", "elapsed": 3.435103, "delta": 0.123264}}
{"target": -13.776969170639259, "params": {"Iwheel": 1.5, "f1": 5.1, "f2": 28.0, "h": 1.2, "k1": 2.5}, "datetime": {"datetime": "2023-09-21 15:32:42", "elapsed": 3.53281, "delta": 0.097707}}
{"target": -13.252003815093088, "params": {"Iwheel": 1.5, "f1": 5.7, "f2": 25.85249752251135, "h": 0.8, "k1": 2.5}, "datetime": {"datetime": "2023-09-21 15:32:42", "elapsed": 3.660035, "delta": 0.127225}}
{"target": -13.77696919975468, "params": {"Iwheel": 1.5, "f1": 5.1, "f2": 28.0, "h": 0.8, "k1": 3.5}, "datetime": {"datetime": "2023-09-21 15:32:42", "elapsed": 3.797712, "delta": 0.137677}}
{"target": -12.565184978840577, "params": {"Iwheel": 1.5, "f1": 5.7, "f2": 24.0, "h": 0.8, "k1": 3.5}, "datetime": {"datetime": "2023-09-21 15:32:42", "elapsed": 3.963654, "delta": 0.165942}}
{"target": -12.794604523419153, "params": {"Iwheel": 1.5, "f1": 5.7, "f2": 24.61582950190484, "h": 1.2, "k1": 2.5}, "datetime": {"datetime": "2023-09-21 15:32:42", "elapsed": 4.091638, "delta": 0.127984}}
{"target": -14.035909894003098, "params": {"Iwheel": 1.5, "f1": 5.7, "f2": 28.0, "h": 1.2, "k1": 3.5}, "datetime": {"datetime": "2023-09-21 15:32:42", "elapsed": 4.210303, "delta": 0.118665}}
{"target": -12.790249811820006, "params": {"Iwheel": 1.5, "f1": 5.7, "f2": 24.604112601386273, "h": 1.2, "k1": 3.5}, "datetime": {"datetime": "2023-09-21 15:32:43", "elapsed": 4.424275, "delta": 0.213972}}
{"target": -12.891653555709226, "params": {"Iwheel": 1.5, "f1": 5.1, "f2": 25.57728950882781, "h": 1.2, "k1": 2.5}, "datetime": {"datetime": "2023-09-21 15:32:43", "elapsed": 4.562649, "delta": 0.138374}}
{"target": -13.39188076784379, "params": {"Iwheel": 1.5, "f1": 5.1, "f2": 26.940572342305465, "h": 0.8, "k1": 2.5}, "datetime": {"datetime": "2023-09-21 15:32:43", "elapsed": 4.700891, "delta": 0.138242}}
{"target": -12.565184961975923, "params": {"Iwheel": 1.5, "f1": 5.7, "f2": 24.0, "h": 1.2, "k1": 2.946704252576873}, "datetime": {"datetime": "2023-09-21 15:32:43", "elapsed": 4.827964, "delta": 0.127073}}
{"target": -12.516323378811963, "params": {"Iwheel": 1.5, "f1": 5.1, "f2": 24.563800843602756, "h": 1.2, "k1": 2.5}, "datetime": {"datetime": "2023-09-21 15:32:43", "elapsed": 4.982486, "delta": 0.154522}}
{"target": -13.818728648977284, "params": {"Iwheel": 1.5, "f1": 5.7, "f2": 27.4014335859648, "h": 1.2, "k1": 2.9092085232123543}, "datetime": {"datetime": "2023-09-21 15:32:43", "elapsed": 5.11229, "delta": 0.129804}}
{"target": -13.776969188444744, "params": {"Iwheel": 1.5, "f1": 5.1, "f2": 28.0, "h": 0.8, "k1": 2.826360312698956}, "datetime": {"datetime": "2023-09-21 15:32:44", "elapsed": 5.249681, "delta": 0.137391}}
{"target": -13.374143659160037, "params": {"Iwheel": 1.5, "f1": 5.7, "f2": 26.18474850159927, "h": 0.8, "k1": 3.5}, "datetime": {"datetime": "2023-09-21 15:32:44", "elapsed": 5.373554, "delta": 0.123873}}
{"target": -12.814659570986038, "params": {"Iwheel": 1.5, "f1": 5.1, "f2": 25.368733399059728, "h": 0.8, "k1": 3.112282775847992}, "datetime": {"datetime": "2023-09-21 15:32:44", "elapsed": 5.53166, "delta": 0.158106}}
{"target": -13.084280245786054, "params": {"Iwheel": 1.5, "f1": 5.1, "f2": 26.10055026976774, "h": 0.8, "k1": 2.5}, "datetime": {"datetime": "2023-09-21 15:32:44", "elapsed": 5.666507, "delta": 0.134847}}
{"target": -13.596098821778535, "params": {"Iwheel": 1.5, "f1": 5.7, "f2": 26.790728805265097, "h": 0.8, "k1": 3.0988966985472697}, "datetime": {"datetime": "2023-09-21 15:32:44", "elapsed": 5.820957, "delta": 0.15445}}
{"target": -13.39736803531698, "params": {"Iwheel": 1.5, "f1": 5.7, "f2": 26.24802198948924, "h": 1.2, "k1": 2.5}, "datetime": {"datetime": "2023-09-21 15:32:44", "elapsed": 5.99095, "delta": 0.169993}}
{"target": -12.744191062553984, "params": {"Iwheel": 1.5, "f1": 5.7, "f2": 24.48025179685918, "h": 0.8, "k1": 2.943499910489389}, "datetime": {"datetime": "2023-09-21 15:32:44", "elapsed": 6.120413, "delta": 0.129463}}
{"target": -12.53291610277751, "params": {"Iwheel": 1.4993130771075869, "f1": 5.184508129226826, "f2": 24.49616263530348, "h": 1.169318377111591, "k1": 3.155338983466671}, "datetime": {"datetime": "2023-09-21 15:32:45", "elapsed": 6.276933, "delta": 0.15652}}
{"target": -13.486421482848222, "params": {"Iwheel": 1.474560683612626, "f1": 5.111968568588875, "f2": 26.621401863229437, "h": 1.1870613178173277, "k1": 2.876632719016163}, "datetime": {"datetime": "2023-09-21 15:32:45", "elapsed": 6.425114, "delta": 0.148181}}
{"target": -13.041679970183978, "params": {"Iwheel": 1.5, "f1": 5.1, "f2": 25.984645174599827, "h": 1.2, "k1": 3.5}, "datetime": {"datetime": "2023-09-21 15:32:45", "elapsed": 6.577144, "delta": 0.15203}}
{"target": -12.306243910750723, "params": {"Iwheel": 1.5, "f1": 5.1, "f2": 24.0, "h": 1.2, "k1": 2.5}, "datetime": {"datetime": "2023-09-21 15:32:45", "elapsed": 6.747358, "delta": 0.170214}}
{"target": -13.074140137691945, "params": {"Iwheel": 1.5, "f1": 5.7, "f2": 25.370194023823988, "h": 1.2, "k1": 2.5}, "datetime": {"datetime": "2023-09-21 15:32:45", "elapsed": 6.895317, "delta": 0.147959}}
{"target": -12.306243937072221, "params": {"Iwheel": 1.5, "f1": 5.1, "f2": 24.0, "h": 0.8, "k1": 3.5}, "datetime": {"datetime": "2023-09-21 15:32:45", "elapsed": 7.035713, "delta": 0.140396}}
{"target": -13.516683854456856, "params": {"Iwheel": 1.5, "f1": 5.1, "f2": 27.282966530857585, "h": 0.8, "k1": 3.119982261317636}, "datetime": {"datetime": "2023-09-21 15:32:45", "elapsed": 7.229848, "delta": 0.194135}}
{"target": -12.91623895865609, "params": {"Iwheel": 1.5, "f1": 5.1, "f2": 25.643956018869606, "h": 0.8, "k1": 3.5}, "datetime": {"datetime": "2023-09-21 15:32:46", "elapsed": 7.404162, "delta": 0.174314}}
{"target": -13.105276445371473, "params": {"Iwheel": 1.5, "f1": 5.7, "f2": 25.454494099663094, "h": 1.2, "k1": 3.5}, "datetime": {"datetime": "2023-09-21 15:32:46", "elapsed": 7.572308, "delta": 0.168146}}
{"target": -12.598055708686836, "params": {"Iwheel": 1.5, "f1": 5.373842957498496, "f2": 24.465409126808634, "h": 0.8, "k1": 2.5}, "datetime": {"datetime": "2023-09-21 15:32:46", "elapsed": 7.734544, "delta": 0.162236}}
{"target": -14.03590989696314, "params": {"Iwheel": 1.5, "f1": 5.7, "f2": 28.0, "h": 0.8, "k1": 3.1666045710913857}, "datetime": {"datetime": "2023-09-21 15:32:46", "elapsed": 7.903854, "delta": 0.16931}}
{"target": -12.565184947452508, "params": {"Iwheel": 1.5, "f1": 5.7, "f2": 24.0, "h": 1.2, "k1": 2.5}, "datetime": {"datetime": "2023-09-21 15:32:46", "elapsed": 8.059249, "delta": 0.155395}}
{"target": -12.929092602459143, "params": {"Iwheel": 1.5, "f1": 5.7, "f2": 24.97821120711162, "h": 1.2, "k1": 3.067963392904372}, "datetime": {"datetime": "2023-09-21 15:32:46", "elapsed": 8.233474, "delta": 0.174225}}
{"target": -13.518633237933997, "params": {"Iwheel": 1.5, "f1": 5.1, "f2": 27.288321918569913, "h": 1.2, "k1": 2.5}, "datetime": {"datetime": "2023-09-21 15:32:47", "elapsed": 8.407506, "delta": 0.174032}}
{"target": -12.428721418936366, "params": {"Iwheel": 1.5, "f1": 5.383456234566953, "f2": 24.0, "h": 0.9768844723900042, "k1": 2.7700957889882574}, "datetime": {"datetime": "2023-09-21 15:32:47", "elapsed": 8.585965, "delta": 0.178459}}
{"target": -12.699566488042857, "params": {"Iwheel": 1.5, "f1": 5.1, "f2": 25.057606617157532, "h": 1.2, "k1": 2.8425668573698912}, "datetime": {"datetime": "2023-09-21 15:32:47", "elapsed": 8.756764, "delta": 0.170799}}
{"target": -12.306243923095906, "params": {"Iwheel": 1.5, "f1": 5.1, "f2": 24.0, "h": 1.2, "k1": 2.9819108068274587}, "datetime": {"datetime": "2023-09-21 15:32:47", "elapsed": 8.925049, "delta": 0.168285}}
{"target": -12.51750872594512, "params": {"Iwheel": 1.5, "f1": 5.1, "f2": 24.566989000731734, "h": 0.8, "k1": 2.867632705925776}, "datetime": {"datetime": "2023-09-21 15:32:47", "elapsed": 9.094047, "delta": 0.168998}}
{"target": -12.94488144345342, "params": {"Iwheel": 1.5, "f1": 5.7, "f2": 25.020821768280396, "h": 0.8, "k1": 2.5}, "datetime": {"datetime": "2023-09-21 15:32:48", "elapsed": 9.285805, "delta": 0.191758}}
{"target": -12.596277491547685, "params": {"Iwheel": 1.5, "f1": 5.4566748216954295, "f2": 24.364605715402835, "h": 0.8, "k1": 3.5}, "datetime": {"datetime": "2023-09-21 15:32:48", "elapsed": 9.47545, "delta": 0.189645}}
{"target": -12.960382170236606, "params": {"Iwheel": 1.5, "f1": 5.314735273965305, "f2": 25.512028020931293, "h": 0.8, "k1": 2.5}, "datetime": {"datetime": "2023-09-21 15:32:48", "elapsed": 9.706734, "delta": 0.231284}}
{"target": -13.083758533589727, "params": {"Iwheel": 1.5, "f1": 5.1, "f2": 26.099130149176897, "h": 0.8, "k1": 3.019891677250415}, "datetime": {"datetime": "2023-09-21 15:32:48", "elapsed": 9.850104, "delta": 0.14337}}
{"target": -12.56518497283907, "params": {"Iwheel": 1.5, "f1": 5.7, "f2": 24.0, "h": 1.2, "k1": 3.5}, "datetime": {"datetime": "2023-09-21 15:32:48", "elapsed": 10.007811, "delta": 0.157707}}
{"target": -12.430767657762473, "params": {"Iwheel": 1.5, "f1": 5.38819709726046, "f2": 24.0, "h": 1.0246690096736362, "k1": 3.305663405833651}, "datetime": {"datetime": "2023-09-21 15:32:48", "elapsed": 10.185694, "delta": 0.177883}}
{"target": -13.725864763382676, "params": {"Iwheel": 1.5, "f1": 5.1, "f2": 27.858901856447556, "h": 1.2, "k1": 3.1585707868881805}, "datetime": {"datetime": "2023-09-21 15:32:49", "elapsed": 10.446287, "delta": 0.260593}}
{"target": -13.381233636566076, "params": {"Iwheel": 1.5, "f1": 5.7, "f2": 26.204061453581282, "h": 1.2, "k1": 3.0690023792253736}, "datetime": {"datetime": "2023-09-21 15:32:49", "elapsed": 10.815209, "delta": 0.368922}}
{"target": -12.483556258302944, "params": {"Iwheel": 1.5, "f1": 5.1, "f2": 24.47569910392048, "h": 1.2, "k1": 3.5}, "datetime": {"datetime": "2023-09-21 15:32:49", "elapsed": 11.101437, "delta": 0.286228}}
{"target": -12.707740675706836, "params": {"Iwheel": 1.5, "f1": 5.1, "f2": 25.07967872389643, "h": 0.8, "k1": 3.5}, "datetime": {"datetime": "2023-09-21 15:32:50", "elapsed": 11.310679, "delta": 0.209242}}
{"target": -12.565184970158583, "params": {"Iwheel": 1.5, "f1": 5.7, "f2": 24.0, "h": 0.8, "k1": 3.0368135706391586}, "datetime": {"datetime": "2023-09-21 15:32:50", "elapsed": 11.551969, "delta": 0.24129}}
{"target": -12.392077553684043, "params": {"Iwheel": 1.5, "f1": 5.1, "f2": 24.230057389979407, "h": 1.010175883882154, "k1": 2.6932793717215993}, "datetime": {"datetime": "2023-09-21 15:32:50", "elapsed": 11.743317, "delta": 0.191348}}
{"target": -12.777022899631127, "params": {"Iwheel": 1.5, "f1": 5.394155445474506, "f2": 24.923651682865867, "h": 0.8, "k1": 3.112287523196796}, "datetime": {"datetime": "2023-09-21 15:32:50", "elapsed": 11.905568, "delta": 0.162251}}
{"target": -13.63082158561141, "params": {"Iwheel": 1.5, "f1": 5.1, "f2": 27.59690083179649, "h": 0.8, "k1": 2.5}, "datetime": {"datetime": "2023-09-21 15:32:50", "elapsed": 12.083002, "delta": 0.177434}}
{"target": -13.339407112248173, "params": {"Iwheel": 1.5, "f1": 5.447530467184174, "f2": 26.38667761428841, "h": 0.8, "k1": 2.7033037343293937}, "datetime": {"datetime": "2023-09-21 15:32:51", "elapsed": 12.256662, "delta": 0.17366}}
{"target": -12.389221932074538, "params": {"Iwheel": 1.5, "f1": 5.1, "f2": 24.22239689169391, "h": 0.9655881980637494, "k1": 3.321983218553952}, "datetime": {"datetime": "2023-09-21 15:32:51", "elapsed": 12.454683, "delta": 0.198021}}
{"target": -12.933036361698559, "params": {"Iwheel": 1.5, "f1": 5.1, "f2": 25.689524332235298, "h": 1.2, "k1": 3.0024870499516574}, "datetime": {"datetime": "2023-09-21 15:32:51", "elapsed": 12.635145, "delta": 0.180462}}
{"target": -13.124328418450027, "params": {"Iwheel": 1.5, "f1": 5.7, "f2": 25.506103733592884, "h": 0.8, "k1": 2.9941851188469033}, "datetime": {"datetime": "2023-09-21 15:32:51", "elapsed": 12.799438, "delta": 0.164293}}
{"target": -12.510825461886544, "params": {"Iwheel": 1.5, "f1": 5.380039299448248, "f2": 24.224008849536325, "h": 1.2, "k1": 2.5}, "datetime": {"datetime": "2023-09-21 15:32:51", "elapsed": 12.970759, "delta": 0.171321}}
{"target": -13.156492714529293, "params": {"Iwheel": 1.5, "f1": 5.1, "f2": 26.297261956380165, "h": 1.2, "k1": 2.5}, "datetime": {"datetime": "2023-09-21 15:32:51", "elapsed": 13.134288, "delta": 0.163529}}
{"target": -13.391727733806528, "params": {"Iwheel": 1.5, "f1": 5.1, "f2": 26.940153000554496, "h": 0.8, "k1": 3.5}, "datetime": {"datetime": "2023-09-21 15:32:52", "elapsed": 13.314064, "delta": 0.179776}}
{"target": -12.779000093149094, "params": {"Iwheel": 1.5, "f1": 5.350787098962268, "f2": 24.97948886099036, "h": 1.2, "k1": 2.5}, "datetime": {"datetime": "2023-09-21 15:32:52", "elapsed": 13.470036, "delta": 0.155972}}
{"target": -12.421040089687708, "params": {"Iwheel": 1.5, "f1": 5.365661059853023, "f2": 24.0, "h": 0.8, "k1": 2.5}, "datetime": {"datetime": "2023-09-21 15:32:52", "elapsed": 13.642134, "delta": 0.172098}}
{"target": -13.257567256912136, "params": {"Iwheel": 1.5, "f1": 5.1, "f2": 26.573102209747066, "h": 1.2, "k1": 3.5}, "datetime": {"datetime": "2023-09-21 15:32:52", "elapsed": 13.813574, "delta": 0.17144}}
{"target": -12.445277143445757, "params": {"Iwheel": 1.5, "f1": 5.1, "f2": 24.37285364026029, "h": 0.8, "k1": 2.5}, "datetime": {"datetime": "2023-09-21 15:32:52", "elapsed": 13.960272, "delta": 0.146698}}
{"target": -12.617600099271359, "params": {"Iwheel": 1.5, "f1": 5.1, "f2": 24.836488068434377, "h": 1.0383437029765266, "k1": 3.261246349487057}, "datetime": {"datetime": "2023-09-21 15:32:52", "elapsed": 14.108012, "delta": 0.14774}}
{"target": -12.77704250415923, "params": {"Iwheel": 1.5, "f1": 5.400964655117091, "f2": 24.915778601094928, "h": 1.2, "k1": 3.5}, "datetime": {"datetime": "2023-09-21 15:32:53", "elapsed": 14.258721, "delta": 0.150709}}
{"target": -12.807513166232113, "params": {"Iwheel": 1.5, "f1": 5.7, "f2": 24.650567820162276, "h": 0.8, "k1": 3.5}, "datetime": {"datetime": "2023-09-21 15:32:53", "elapsed": 14.416556, "delta": 0.157835}}
{"target": -12.306243924351897, "params": {"Iwheel": 1.5, "f1": 5.1, "f2": 24.0, "h": 0.8, "k1": 2.766976775915346}, "datetime": {"datetime": "2023-09-21 15:32:53", "elapsed": 14.598931, "delta": 0.182375}}
{"target": -12.690577011644177, "params": {"Iwheel": 1.5, "f1": 5.7, "f2": 24.336223467372083, "h": 1.2, "k1": 3.1375414344299783}, "datetime": {"datetime": "2023-09-21 15:32:53", "elapsed": 14.762043, "delta": 0.163112}}
{"target": -12.65092898532464, "params": {"Iwheel": 1.5, "f1": 5.7, "f2": 24.22981700520019, "h": 1.000028781211172, "k1": 3.5}, "datetime": {"datetime": "2023-09-21 15:32:53", "elapsed": 14.950204, "delta": 0.188161}}
{"target": -12.418753738704673, "params": {"Iwheel": 1.5, "f1": 5.360364739420291, "f2": 24.0, "h": 1.2, "k1": 3.5}, "datetime": {"datetime": "2023-09-21 15:32:53", "elapsed": 15.112239, "delta": 0.162035}}
{"target": -12.403611249730119, "params": {"Iwheel": 1.5, "f1": 5.1, "f2": 24.261002190837235, "h": 0.8, "k1": 3.0328733850380467}, "datetime": {"datetime": "2023-09-21 15:32:54", "elapsed": 15.334697, "delta": 0.222458}}
{"target": -12.4140547122566, "params": {"Iwheel": 1.5, "f1": 5.349480217681068, "f2": 24.0, "h": 0.8, "k1": 3.0474186633184135}, "datetime": {"datetime": "2023-09-21 15:32:54", "elapsed": 15.499472, "delta": 0.164775}}
{"target": -12.676847939945393, "params": {"Iwheel": 1.4981449415760957, "f1": 5.36729717833475, "f2": 24.646686361216677, "h": 1.130229982204443, "k1": 2.826516135312924}, "datetime": {"datetime": "2023-09-21 15:32:54", "elapsed": 15.667326, "delta": 0.167854}}
{"target": -12.691251298246438, "params": {"Iwheel": 1.5, "f1": 5.7, "f2": 24.338033897792176, "h": 0.8, "k1": 2.5}, "datetime": {"datetime": "2023-09-21 15:32:54", "elapsed": 15.845946, "delta": 0.17862}}
{"target": -12.306243934729025, "params": {"Iwheel": 1.5, "f1": 5.1, "f2": 24.0, "h": 0.8, "k1": 3.321262316407225}, "datetime": {"datetime": "2023-09-21 15:32:54", "elapsed": 16.045693, "delta": 0.199747}}
{"target": -12.306243917206112, "params": {"Iwheel": 1.5, "f1": 5.1, "f2": 24.0, "h": 1.2, "k1": 2.7202183648480336}, "datetime": {"datetime": "2023-09-21 15:32:54", "elapsed": 16.221131, "delta": 0.175438}}
