{"target": -12.30624391372002, "params": {"Iwheel": 1.5, "f1": 5.1, "f2": 24.0, "h": 1.0010414000691328, "k1": 2.5}, "datetime": {"datetime": "2023-09-21 15:32:55", "elapsed": 16.395451, "delta": 0.17432}}
